\BOOKMARK [1][-]{section.1}{Introduction}{}% 1
\BOOKMARK [1][-]{section.2}{Linear Regression}{}% 2
\BOOKMARK [2][-]{subsection.2.1}{Method}{section.2}% 3
\BOOKMARK [3][-]{subsubsection.2.1.1}{Feature Scaling}{subsection.2.1}% 4
\BOOKMARK [3][-]{subsubsection.2.1.2}{Need for resampling}{subsection.2.1}% 5
\BOOKMARK [3][-]{subsubsection.2.1.3}{Bootstrap Algorithm}{subsection.2.1}% 6
\BOOKMARK [3][-]{subsubsection.2.1.4}{K-fold Cross-Validation}{subsection.2.1}% 7
\BOOKMARK [2][-]{subsection.2.2}{Data}{section.2}% 8
\BOOKMARK [2][-]{subsection.2.3}{Results}{section.2}% 9
\BOOKMARK [3][-]{subsubsection.2.3.1}{Terminology of symbols and variable names}{subsection.2.3}% 10
\BOOKMARK [3][-]{subsubsection.2.3.2}{Ordinary Least Squares \(OLS\)}{subsection.2.3}% 11
\BOOKMARK [3][-]{subsubsection.2.3.3}{Ridge and LASSO Regression}{subsection.2.3}% 12
\BOOKMARK [3][-]{subsubsection.2.3.4}{Regression with Bootstrap and Cross-validation}{subsection.2.3}% 13
\BOOKMARK [3][-]{subsubsection.2.3.5}{OLS with Stochastic Gradient Descent}{subsection.2.3}% 14
\BOOKMARK [1][-]{section.3}{Classification}{}% 15
\BOOKMARK [2][-]{subsection.3.1}{Method}{section.3}% 16
\BOOKMARK [3][-]{subsubsection.3.1.1}{Stochastic Gradient descent with mini-batches}{subsection.3.1}% 17
\BOOKMARK [3][-]{subsubsection.3.1.2}{Support Vector Machine}{subsection.3.1}% 18
\BOOKMARK [2][-]{subsection.3.2}{Data}{section.3}% 19
\BOOKMARK [1][-]{section.4}{Summary}{}% 20
\BOOKMARK [1][-]{section.5}{Acknowledgement}{}% 21
